
    Peacemaker 2.8 - a Quantum Cluster Equilibrium (QCE) code:               

        Copyright 2004-2006 Barbara Kirchner, University of Bonn
        Copyright 2007-2012 Barbara Kirchner, University of Leipzig          
        Copyright 2013-2018 Barbara Kirchner, University of Bonn             

        This program is free software: you can redistribute it and/or modify 
        it under the terms of the GNU General Public License as published by 
        the Free Software Foundation, either version 3 of the License, or    
        (at your option) any later version.                                  

        This program is distributed in the hope that it will be useful,      
        but WITHOUT ANY WARRANTY; without even the implied warranty of       
        MERCHANTABILITY or FITNESS FOR A PARTICULAR PURPOSE.  See the        
        GNU General Public License for more details.                         

        You should have received a copy of the GNU General Public License    
        along with this program.  If not, see <http://www.gnu.org/licenses/>.

    The Peacemaker team (in alphabetical order):                             

        * Johannes Ingenmey                                                  
        * Gwydyon Marchelli                                                  
        * Eva Perlt                                                          
        * Michael von Domaros                                                

        * Barbara Kirchner                                                   

[1m    Please let us know that you use Peacemaker by sending a short email to   
    qce@thch.uni-bonn.de. This will help us reaching out to you in case of   
    critical bug fixes or new releases.                                      [0m

    Using the following input:

        [system]
            components: 2

        [ensemble]
            pressure: 1.01325 [bar]
            temperature: 273.150 ... 399.150 [K]
            monomer amounts: 0.850000 0.150000 [mol]

        [qce]
            amf_mix: 1.28574 [J*m^3/mol^2]
            amf_pure: 0.00000 0.00000 [J*m^3/mol^2]
            bxv_mix: 1.32555
            bxv_pure: 1.00000 1.00000
            maximum number of QCE iterations: 100
            maximum number of Newton-Raphson iterations: 500
            maximum relative deviation: 0.100000E-008
            number of grid iterations: 1
            optimizer: Downhill-Simplex
            volume damping factor: 0.100000E-001
            free rotator correction threshold frequency: 0.00000

        [reference]
            density (weight = 1.00000): 298.150 1.46092 [K; g/cm^3]
            phase transition (weight = 1.00000): 329.645 [K]

    Using the following clusterset:

        [c1] (monomer)
            composition: 1 0
            sigma: 3
            energy: 0.00000 [kJ/mol]
            volume: 93.5027 [A^3]
            mass: 119.368 [amu]
            inertia: 298.546 155.332 155.319 [amu*Angstrom^2]
            frequencies: 227.236 ... 2932.59 [1/cm]

        [c2-1]
            composition: 2 0
            sigma: 1
            energy: -15.5476 [kJ/mol]
            volume: 187.005 [A^3]
            mass: 238.736 [amu]
            inertia: 1207.99 1137.58 526.143 [amu*Angstrom^2]
            frequencies: 13.4844 ... 2932.09 [1/cm]

        [c3-4]
            composition: 3 0
            sigma: 1
            energy: -38.5287 [kJ/mol]
            volume: 280.508 [A^3]
            mass: 358.104 [amu]
            inertia: 2403.44 1779.26 1483.09 [amu*Angstrom^2]
            frequencies: 15.2055 ... 2931.77 [1/cm]

        [c3-5]
            composition: 3 0
            sigma: 1
            energy: -38.3550 [kJ/mol]
            volume: 280.508 [A^3]
            mass: 358.104 [amu]
            inertia: 2493.22 1925.72 1416.25 [amu*Angstrom^2]
            frequencies: 17.2190 ... 2931.99 [1/cm]

        [c3-7]
            composition: 3 0
            sigma: 1
            energy: -38.2832 [kJ/mol]
            volume: 280.508 [A^3]
            mass: 358.104 [amu]
            inertia: 2516.18 2002.37 1395.84 [amu*Angstrom^2]
            frequencies: 13.3429 ... 2932.36 [1/cm]

        [c3-9]
            composition: 3 0
            sigma: 1
            energy: -38.1006 [kJ/mol]
            volume: 280.508 [A^3]
            mass: 358.104 [amu]
            inertia: 2485.63 1747.96 1621.71 [amu*Angstrom^2]
            frequencies: 10.7096 ... 2932.21 [1/cm]

        [c4-1]
            composition: 4 0
            sigma: 2
            energy: -65.3886 [kJ/mol]
            volume: 374.011 [A^3]
            mass: 477.472 [amu]
            inertia: 4651.54 3560.11 2238.15 [amu*Angstrom^2]
            frequencies: 10.8574 ... 2930.77 [1/cm]

        [c4-3]
            composition: 4 0
            sigma: 1
            energy: -63.4206 [kJ/mol]
            volume: 374.011 [A^3]
            mass: 477.472 [amu]
            inertia: 3918.26 3416.50 2636.19 [amu*Angstrom^2]
            frequencies: 11.3072 ... 2929.15 [1/cm]

        [c4-5]
            composition: 4 0
            sigma: 1
            energy: -59.9966 [kJ/mol]
            volume: 374.011 [A^3]
            mass: 477.472 [amu]
            inertia: 3804.78 3423.03 2544.48 [amu*Angstrom^2]
            frequencies: 17.2713 ... 2947.38 [1/cm]

        [c4-6]
            composition: 4 0
            sigma: 1
            energy: -63.5839 [kJ/mol]
            volume: 374.011 [A^3]
            mass: 477.472 [amu]
            inertia: 3886.81 3406.78 2678.89 [amu*Angstrom^2]
            frequencies: 13.1879 ... 2932.03 [1/cm]

        [c4-7]
            composition: 4 0
            sigma: 1
            energy: -62.7917 [kJ/mol]
            volume: 374.011 [A^3]
            mass: 477.472 [amu]
            inertia: 4653.58 3980.68 2241.76 [amu*Angstrom^2]
            frequencies: 12.7167 ... 2932.12 [1/cm]

        [c4-8]
            composition: 4 0
            sigma: 1
            energy: -63.3420 [kJ/mol]
            volume: 374.011 [A^3]
            mass: 477.472 [amu]
            inertia: 4989.15 3715.47 2237.16 [amu*Angstrom^2]
            frequencies: 11.5492 ... 2931.59 [1/cm]

        [c4-9]
            composition: 4 0
            sigma: 1
            energy: -63.5495 [kJ/mol]
            volume: 374.011 [A^3]
            mass: 477.472 [amu]
            inertia: 4696.71 3879.78 2151.69 [amu*Angstrom^2]
            frequencies: 11.7028 ... 2931.60 [1/cm]

        [c5-1]
            composition: 5 0
            sigma: 3
            energy: -99.7201 [kJ/mol]
            volume: 467.513 [A^3]
            mass: 596.840 [amu]
            inertia: 5161.73 5161.26 3507.53 [amu*Angstrom^2]
            frequencies: 22.1950 ... 2931.81 [1/cm]

        [c5-4]
            composition: 5 0
            sigma: 1
            energy: -93.4567 [kJ/mol]
            volume: 467.513 [A^3]
            mass: 596.840 [amu]
            inertia: 5706.78 5583.65 3348.21 [amu*Angstrom^2]
            frequencies: 10.5403 ... 2933.50 [1/cm]

        [c5-6]
            composition: 5 0
            sigma: 1
            energy: -93.4765 [kJ/mol]
            volume: 467.513 [A^3]
            mass: 596.840 [amu]
            inertia: 5649.90 5470.16 3504.07 [amu*Angstrom^2]
            frequencies: 12.4276 ... 2923.33 [1/cm]

        [c5-9]
            composition: 5 0
            sigma: 1
            energy: -92.7853 [kJ/mol]
            volume: 467.513 [A^3]
            mass: 596.840 [amu]
            inertia: 5965.74 4949.17 3686.44 [amu*Angstrom^2]
            frequencies: 13.0550 ... 2931.16 [1/cm]

        [c6-2]
            composition: 6 0
            sigma: 1
            energy: -125.895 [kJ/mol]
            volume: 561.016 [A^3]
            mass: 716.208 [amu]
            inertia: 7582.40 6695.40 5354.89 [amu*Angstrom^2]
            frequencies: 13.6556 ... 2930.45 [1/cm]

        [c6-8]
            composition: 6 0
            sigma: 1
            energy: -124.280 [kJ/mol]
            volume: 561.016 [A^3]
            mass: 716.208 [amu]
            inertia: 6808.87 6088.61 5861.13 [amu*Angstrom^2]
            frequencies: 17.2464 ... 2948.52 [1/cm]

        [w1] (monomer)
            composition: 0 1
            sigma: 2
            energy: 0.00000 [kJ/mol]
            volume: 25.8608 [A^3]
            mass: 18.0160 [amu]
            inertia: 1.78182 1.20211 0.579706 [amu*Angstrom^2]
            frequencies: 1539.47 ... 3651.35 [1/cm]

        [w2]
            composition: 0 2
            sigma: 1
            energy: -20.7886 [kJ/mol]
            volume: 51.7216 [A^3]
            mass: 36.0320 [amu]
            inertia: 74.5061 74.5012 2.40431 [amu*Angstrom^2]
            frequencies: 117.770 ... 3665.26 [1/cm]

        [w3-1]
            composition: 0 3
            sigma: 1
            energy: -61.4142 [kJ/mol]
            volume: 77.5824 [A^3]
            mass: 54.0480 [amu]
            inertia: 141.665 73.5210 71.4301 [amu*Angstrom^2]
            frequencies: 104.656 ... 3665.91 [1/cm]

        [w3-2]
            composition: 0 3
            sigma: 2
            energy: -36.7964 [kJ/mol]
            volume: 77.5824 [A^3]
            mass: 54.0480 [amu]
            inertia: 268.154 254.965 17.9884 [amu*Angstrom^2]
            frequencies: 29.9882 ... 3638.95 [1/cm]

        [w4-1]
            composition: 0 4
            sigma: 2
            energy: -111.925 [kJ/mol]
            volume: 103.443 [A^3]
            mass: 72.0640 [amu]
            inertia: 263.645 134.936 134.936 [amu*Angstrom^2]
            frequencies: 46.3047 ... 3666.81 [1/cm]

        [w4-2]
            composition: 0 4
            sigma: 1
            energy: -106.948 [kJ/mol]
            volume: 103.443 [A^3]
            mass: 72.0640 [amu]
            inertia: 267.328 136.423 135.498 [amu*Angstrom^2]
            frequencies: 25.6897 ... 3665.25 [1/cm]

        [w5-2]
            composition: 0 5
            sigma: 1
            energy: -145.782 [kJ/mol]
            volume: 129.304 [A^3]
            mass: 90.0800 [amu]
            inertia: 245.875 240.206 220.498 [amu*Angstrom^2]
            frequencies: 37.0749 ... 3671.72 [1/cm]

        [w5-6]
            composition: 0 5
            sigma: 1
            energy: -123.569 [kJ/mol]
            volume: 129.304 [A^3]
            mass: 90.0800 [amu]
            inertia: 471.053 465.846 143.161 [amu*Angstrom^2]
            frequencies: 24.1398 ... 3666.36 [1/cm]

        [w5-7]
            composition: 0 5
            sigma: 1
            energy: -124.139 [kJ/mol]
            volume: 129.304 [A^3]
            mass: 90.0800 [amu]
            inertia: 329.025 321.752 144.866 [amu*Angstrom^2]
            frequencies: 24.9272 ... 3673.20 [1/cm]

        [w6-1]
            composition: 0 6
            sigma: 1
            energy: -191.889 [kJ/mol]
            volume: 155.165 [A^3]
            mass: 108.096 [amu]
            inertia: 427.616 401.827 220.387 [amu*Angstrom^2]
            frequencies: 43.0208 ... 3679.01 [1/cm]

        [w6-2]
            composition: 0 6
            sigma: 1
            energy: -192.292 [kJ/mol]
            volume: 155.165 [A^3]
            mass: 108.096 [amu]
            inertia: 353.180 339.374 282.351 [amu*Angstrom^2]
            frequencies: 52.6023 ... 3683.00 [1/cm]

        [w6-4]
            composition: 0 6
            sigma: 1
            energy: -185.520 [kJ/mol]
            volume: 155.165 [A^3]
            mass: 108.096 [amu]
            inertia: 579.268 428.270 258.401 [amu*Angstrom^2]
            frequencies: 17.0947 ... 3671.84 [1/cm]

        [w6-5]
            composition: 0 6
            sigma: 1
            energy: -177.407 [kJ/mol]
            volume: 155.165 [A^3]
            mass: 108.096 [amu]
            inertia: 412.894 398.313 221.134 [amu*Angstrom^2]
            frequencies: 55.3375 ... 3674.83 [1/cm]

        [w6-7]
            composition: 0 6
            sigma: 1
            energy: -180.124 [kJ/mol]
            volume: 155.165 [A^3]
            mass: 108.096 [amu]
            inertia: 394.245 371.392 242.005 [amu*Angstrom^2]
            frequencies: 43.1478 ... 3680.12 [1/cm]

        [w6-8]
            composition: 0 6
            sigma: 1
            energy: -180.124 [kJ/mol]
            volume: 155.165 [A^3]
            mass: 108.096 [amu]
            inertia: 394.274 371.305 241.977 [amu*Angstrom^2]
            frequencies: 43.7710 ... 3679.91 [1/cm]

        [w6-10]
            composition: 0 6
            sigma: 1
            energy: -177.765 [kJ/mol]
            volume: 155.165 [A^3]
            mass: 108.096 [amu]
            inertia: 566.791 385.299 311.463 [amu*Angstrom^2]
            frequencies: 12.4081 ... 3672.90 [1/cm]

        [c1w1-2]
            composition: 1 1
            sigma: 1
            energy: -18.8893 [kJ/mol]
            volume: 119.363 [A^3]
            mass: 137.384 [amu]
            inertia: 369.412 367.946 298.147 [amu*Angstrom^2]
            frequencies: 11.8890 ... 3643.46 [1/cm]

        [c1w2-1]
            composition: 1 2
            sigma: 1
            energy: -51.2687 [kJ/mol]
            volume: 145.224 [A^3]
            mass: 155.400 [amu]
            inertia: 547.840 535.331 286.186 [amu*Angstrom^2]
            frequencies: 32.0551 ... 3665.00 [1/cm]

        [c1w3-1]
            composition: 1 3
            sigma: 1
            energy: -87.8302 [kJ/mol]
            volume: 171.085 [A^3]
            mass: 173.416 [amu]
            inertia: 781.634 711.716 364.180 [amu*Angstrom^2]
            frequencies: 16.8900 ... 3666.33 [1/cm]

        [c1w4-1]
            composition: 1 4
            sigma: 1
            energy: -137.585 [kJ/mol]
            volume: 196.946 [A^3]
            mass: 191.432 [amu]
            inertia: 1076.39 969.467 448.020 [amu*Angstrom^2]
            frequencies: 10.0012 ... 3666.04 [1/cm]

        [c1w4-3]
            composition: 1 4
            sigma: 1
            energy: -134.310 [kJ/mol]
            volume: 196.946 [A^3]
            mass: 191.432 [amu]
            inertia: 935.801 865.842 486.737 [amu*Angstrom^2]
            frequencies: 12.9504 ... 3666.12 [1/cm]

        [c1w5-7]
            composition: 1 5
            sigma: 1
            energy: -170.107 [kJ/mol]
            volume: 222.807 [A^3]
            mass: 209.448 [amu]
            inertia: 921.236 893.677 770.720 [amu*Angstrom^2]
            frequencies: 14.1262 ... 3664.10 [1/cm]

        [c2w1-1]
            composition: 2 1
            sigma: 1
            energy: -40.1106 [kJ/mol]
            volume: 212.866 [A^3]
            mass: 256.752 [amu]
            inertia: 1682.24 1625.25 556.692 [amu*Angstrom^2]
            frequencies: 15.8734 ... 3638.37 [1/cm]

        [c2w1-9]
            composition: 2 1
            sigma: 1
            energy: -40.1976 [kJ/mol]
            volume: 212.866 [A^3]
            mass: 256.752 [amu]
            inertia: 1674.87 1649.94 572.024 [amu*Angstrom^2]
            frequencies: 21.8304 ... 3619.40 [1/cm]

        [c2w2-1]
            composition: 2 2
            sigma: 1
            energy: -81.3030 [kJ/mol]
            volume: 238.727 [A^3]
            mass: 274.768 [amu]
            inertia: 2017.17 1738.59 730.128 [amu*Angstrom^2]
            frequencies: 15.6398 ... 3655.73 [1/cm]

        [c2w3-1]
            composition: 2 3
            sigma: 1
            energy: -114.790 [kJ/mol]
            volume: 264.588 [A^3]
            mass: 292.784 [amu]
            inertia: 2123.15 1854.79 923.954 [amu*Angstrom^2]
            frequencies: 15.8143 ... 3662.04 [1/cm]

        [c2w3-6]
            composition: 2 3
            sigma: 1
            energy: -115.326 [kJ/mol]
            volume: 264.588 [A^3]
            mass: 292.784 [amu]
            inertia: 2193.47 1901.52 882.471 [amu*Angstrom^2]
            frequencies: 12.7354 ... 3658.80 [1/cm]

        [c2w4-6]
            composition: 2 4
            sigma: 1
            energy: -167.192 [kJ/mol]
            volume: 290.449 [A^3]
            mass: 310.800 [amu]
            inertia: 2547.56 2314.65 1058.65 [amu*Angstrom^2]
            frequencies: 19.9117 ... 3656.73 [1/cm]

        [c2w4-8]
            composition: 2 4
            sigma: 1
            energy: -161.139 [kJ/mol]
            volume: 290.449 [A^3]
            mass: 310.800 [amu]
            inertia: 2365.36 2013.03 1157.56 [amu*Angstrom^2]
            frequencies: 20.1322 ... 3663.35 [1/cm]

        [c3w1-5]
            composition: 3 1
            sigma: 1
            energy: -65.9722 [kJ/mol]
            volume: 306.369 [A^3]
            mass: 376.120 [amu]
            inertia: 3483.67 2595.95 1694.31 [amu*Angstrom^2]
            frequencies: 14.2364 ... 3635.92 [1/cm]

        [c3w2-2]
            composition: 3 2
            sigma: 1
            energy: -104.085 [kJ/mol]
            volume: 332.230 [A^3]
            mass: 394.136 [amu]
            inertia: 3483.66 2361.02 2084.67 [amu*Angstrom^2]
            frequencies: 11.1363 ... 3648.91 [1/cm]

        [c3w2-8]
            composition: 3 2
            sigma: 1
            energy: -103.683 [kJ/mol]
            volume: 332.230 [A^3]
            mass: 394.136 [amu]
            inertia: 3518.59 2366.27 2109.29 [amu*Angstrom^2]
            frequencies: 14.3364 ... 3640.82 [1/cm]

        [c3w3-2]
            composition: 3 3
            sigma: 1
            energy: -139.603 [kJ/mol]
            volume: 358.090 [A^3]
            mass: 412.152 [amu]
            inertia: 3575.85 2719.13 2330.84 [amu*Angstrom^2]
            frequencies: 16.0021 ... 3646.70 [1/cm]

        [c3w3-5]
            composition: 3 3
            sigma: 1
            energy: -138.853 [kJ/mol]
            volume: 358.090 [A^3]
            mass: 412.152 [amu]
            inertia: 3597.83 2730.19 2367.42 [amu*Angstrom^2]
            frequencies: 10.0653 ... 3639.82 [1/cm]

        [c3w3-9]
            composition: 3 3
            sigma: 1
            energy: -140.145 [kJ/mol]
            volume: 358.090 [A^3]
            mass: 412.152 [amu]
            inertia: 3553.06 2788.45 2209.74 [amu*Angstrom^2]
            frequencies: 12.4375 ... 3656.03 [1/cm]

        [c4w1-2]
            composition: 4 1
            sigma: 1
            energy: -88.8142 [kJ/mol]
            volume: 399.872 [A^3]
            mass: 495.488 [amu]
            inertia: 4999.93 4542.49 2675.27 [amu*Angstrom^2]
            frequencies: 12.9560 ... 3587.65 [1/cm]

        [c4w1-5]
            composition: 4 1
            sigma: 1
            energy: -93.9424 [kJ/mol]
            volume: 399.872 [A^3]
            mass: 495.488 [amu]
            inertia: 5395.10 3942.62 2836.47 [amu*Angstrom^2]
            frequencies: 16.7532 ... 3642.46 [1/cm]

        [c4w1-6]
            composition: 4 1
            sigma: 1
            energy: -94.5161 [kJ/mol]
            volume: 399.872 [A^3]
            mass: 495.488 [amu]
            inertia: 5413.68 3986.90 2820.37 [amu*Angstrom^2]
            frequencies: 15.2938 ... 3635.69 [1/cm]

        [c4w1-9]
            composition: 4 1
            sigma: 1
            energy: -91.2431 [kJ/mol]
            volume: 399.872 [A^3]
            mass: 495.488 [amu]
            inertia: 5150.37 4717.99 2618.44 [amu*Angstrom^2]
            frequencies: 16.3008 ... 3526.18 [1/cm]

        [c4w2-6]
            composition: 4 2
            sigma: 1
            energy: -131.587 [kJ/mol]
            volume: 425.732 [A^3]
            mass: 513.504 [amu]
            inertia: 5134.90 4443.58 3127.22 [amu*Angstrom^2]
            frequencies: 11.5188 ... 3631.59 [1/cm]

        [c4w2-7]
            composition: 4 2
            sigma: 1
            energy: -132.620 [kJ/mol]
            volume: 425.732 [A^3]
            mass: 513.504 [amu]
            inertia: 4872.22 4626.07 2832.59 [amu*Angstrom^2]
            frequencies: 10.9359 ... 3630.35 [1/cm]

        [c5w1-5]
            composition: 5 1
            sigma: 1
            energy: -126.355 [kJ/mol]
            volume: 493.374 [A^3]
            mass: 614.856 [amu]
            inertia: 6662.86 4952.20 4354.32 [amu*Angstrom^2]
            frequencies: 17.2993 ... 3621.20 [1/cm]

 Now starting Downhill-Simplex
    Number of converged iterations: 127/127
    Number of converged iterations (total): 127/127

    Best isobar found for: amf_mix = 1.13553 J*m^3/mol^2, bxv_mix = 1.32197
    Error: 0.323835E-013
    Calculated phase transition: 329.645 K
    Calculated density: 1.46092 g/cm^3

    Elapsed time: 8.1 seconds

[1m    Please always cite:

        * Michael von Domaros, Eva Perlt, Johannes Ingenmey, Gwydyon Marchelli, Barbara Kirchner:
          "Peacemaker 2: Making clusters talk about binary mixtures and neat liquids".
          SoftwareX (2018).

        * Barbara Kirchner, Christian Spickermann, Sebastian B. C. Lehmann, Eva Perlt,
          Johanna Langner, Michael von Domaros, Patricia Reuther, Frank Uhlig, Miriam Kohagen,
          Marc Brüssel:
          "What can clusters tell us about the bulk? PEACEMAKER: Extended quantum cluster equilibrium calculations".
          Comp. Physics Commun. 182 (2011), 1428.

        * Barbara Kirchner:
          "Cooperative versus dispersion effects: What is more important in an associated liquid such as water?".
          J. Chem. Phys. 123 (2005), 204116.

    For binary mixtures, please cite:

        * Marc Brüssel, Eva Perlt, Sebastian B. C. Lehmann, Michael von Domaros, Barbara Kirchner:
          "Binary systems from quantum cluster equilibrium theory".
          J. Chem. Phys. 135 (2011), 194113.

    For anharmonicites, please cite:

        * Michael von Domaros, Eva Perlt:
          "Anharmonic effects in the quantum cluster equilibrium method".
          J. Chem. Phys. 146 (2017), 154502.

    For acid constants, please cite:

        * Eva Perlt, Michael von Domaros, Barbara Kirchner, Ralf Ludwig, Frank Weinhold".
          "Predicting the ionic product of water".
          Sci. Rep. 7 (2017), 10244.
[0m
