
    Peacemaker 2.8 - a Quantum Cluster Equilibrium (QCE) code:               

        Copyright 2004-2006 Barbara Kirchner, University of Bonn
        Copyright 2007-2012 Barbara Kirchner, University of Leipzig          
        Copyright 2013-2018 Barbara Kirchner, University of Bonn             

        This program is free software: you can redistribute it and/or modify 
        it under the terms of the GNU General Public License as published by 
        the Free Software Foundation, either version 3 of the License, or    
        (at your option) any later version.                                  

        This program is distributed in the hope that it will be useful,      
        but WITHOUT ANY WARRANTY; without even the implied warranty of       
        MERCHANTABILITY or FITNESS FOR A PARTICULAR PURPOSE.  See the        
        GNU General Public License for more details.                         

        You should have received a copy of the GNU General Public License    
        along with this program.  If not, see <http://www.gnu.org/licenses/>.

    The Peacemaker team (in alphabetical order):                             

        * Johannes Ingenmey                                                  
        * Gwydyon Marchelli                                                  
        * Eva Perlt                                                          
        * Michael von Domaros                                                

        * Barbara Kirchner                                                   

[1m    Please let us know that you use Peacemaker by sending a short email to   
    qce@thch.uni-bonn.de. This will help us reaching out to you in case of   
    critical bug fixes or new releases.                                      [0m

    Using the following input:

        [system]
            components: 2

        [ensemble]
            pressure: 1.01325 [bar]
            temperature: 273.150 ... 399.150 [K]
            monomer amounts: 0.800000 0.200000 [mol]

        [qce]
            amf_mix: 1.28919 [J*m^3/mol^2]
            amf_pure: 0.00000 0.00000 [J*m^3/mol^2]
            bxv_mix: 1.31400
            bxv_pure: 1.00000 1.00000
            maximum number of QCE iterations: 100
            maximum number of Newton-Raphson iterations: 500
            maximum relative deviation: 0.100000E-008
            number of grid iterations: 1
            optimizer: none
            volume damping factor: 0.100000E-001
            free rotator correction threshold frequency: 0.00000

        [reference]
            density (weight = 1.00000): 298.150 1.40186 [K; g/cm^3]
            phase transition (weight = 1.00000): 335.010 [K]

    Using the following clusterset:

        [c1] (monomer)
            composition: 1 0
            sigma: 3
            energy: 0.00000 [kJ/mol]
            volume: 93.5027 [A^3]
            mass: 119.368 [amu]
            inertia: 298.546 155.332 155.319 [amu*Angstrom^2]
            frequencies: 227.236 ... 2932.59 [1/cm]

        [c2-1]
            composition: 2 0
            sigma: 1
            energy: -15.5476 [kJ/mol]
            volume: 187.005 [A^3]
            mass: 238.736 [amu]
            inertia: 1207.99 1137.58 526.143 [amu*Angstrom^2]
            frequencies: 13.4844 ... 2932.09 [1/cm]

        [c3-4]
            composition: 3 0
            sigma: 1
            energy: -38.5287 [kJ/mol]
            volume: 280.508 [A^3]
            mass: 358.104 [amu]
            inertia: 2403.44 1779.26 1483.09 [amu*Angstrom^2]
            frequencies: 15.2055 ... 2931.77 [1/cm]

        [c3-5]
            composition: 3 0
            sigma: 1
            energy: -38.3550 [kJ/mol]
            volume: 280.508 [A^3]
            mass: 358.104 [amu]
            inertia: 2493.22 1925.72 1416.25 [amu*Angstrom^2]
            frequencies: 17.2190 ... 2931.99 [1/cm]

        [c3-7]
            composition: 3 0
            sigma: 1
            energy: -38.2832 [kJ/mol]
            volume: 280.508 [A^3]
            mass: 358.104 [amu]
            inertia: 2516.18 2002.37 1395.84 [amu*Angstrom^2]
            frequencies: 13.3429 ... 2932.36 [1/cm]

        [c3-9]
            composition: 3 0
            sigma: 1
            energy: -38.1006 [kJ/mol]
            volume: 280.508 [A^3]
            mass: 358.104 [amu]
            inertia: 2485.63 1747.96 1621.71 [amu*Angstrom^2]
            frequencies: 10.7096 ... 2932.21 [1/cm]

        [c4-1]
            composition: 4 0
            sigma: 2
            energy: -65.3886 [kJ/mol]
            volume: 374.011 [A^3]
            mass: 477.472 [amu]
            inertia: 4651.54 3560.11 2238.15 [amu*Angstrom^2]
            frequencies: 10.8574 ... 2930.77 [1/cm]

        [c4-3]
            composition: 4 0
            sigma: 1
            energy: -63.4206 [kJ/mol]
            volume: 374.011 [A^3]
            mass: 477.472 [amu]
            inertia: 3918.26 3416.50 2636.19 [amu*Angstrom^2]
            frequencies: 11.3072 ... 2929.15 [1/cm]

        [c4-5]
            composition: 4 0
            sigma: 1
            energy: -59.9966 [kJ/mol]
            volume: 374.011 [A^3]
            mass: 477.472 [amu]
            inertia: 3804.78 3423.03 2544.48 [amu*Angstrom^2]
            frequencies: 17.2713 ... 2947.38 [1/cm]

        [c4-6]
            composition: 4 0
            sigma: 1
            energy: -63.5839 [kJ/mol]
            volume: 374.011 [A^3]
            mass: 477.472 [amu]
            inertia: 3886.81 3406.78 2678.89 [amu*Angstrom^2]
            frequencies: 13.1879 ... 2932.03 [1/cm]

        [c4-7]
            composition: 4 0
            sigma: 1
            energy: -62.7917 [kJ/mol]
            volume: 374.011 [A^3]
            mass: 477.472 [amu]
            inertia: 4653.58 3980.68 2241.76 [amu*Angstrom^2]
            frequencies: 12.7167 ... 2932.12 [1/cm]

        [c4-8]
            composition: 4 0
            sigma: 1
            energy: -63.3420 [kJ/mol]
            volume: 374.011 [A^3]
            mass: 477.472 [amu]
            inertia: 4989.15 3715.47 2237.16 [amu*Angstrom^2]
            frequencies: 11.5492 ... 2931.59 [1/cm]

        [c4-9]
            composition: 4 0
            sigma: 1
            energy: -63.5495 [kJ/mol]
            volume: 374.011 [A^3]
            mass: 477.472 [amu]
            inertia: 4696.71 3879.78 2151.69 [amu*Angstrom^2]
            frequencies: 11.7028 ... 2931.60 [1/cm]

        [c5-1]
            composition: 5 0
            sigma: 3
            energy: -99.7201 [kJ/mol]
            volume: 467.513 [A^3]
            mass: 596.840 [amu]
            inertia: 5161.73 5161.26 3507.53 [amu*Angstrom^2]
            frequencies: 22.1950 ... 2931.81 [1/cm]

        [c5-4]
            composition: 5 0
            sigma: 1
            energy: -93.4567 [kJ/mol]
            volume: 467.513 [A^3]
            mass: 596.840 [amu]
            inertia: 5706.78 5583.65 3348.21 [amu*Angstrom^2]
            frequencies: 10.5403 ... 2933.50 [1/cm]

        [c5-6]
            composition: 5 0
            sigma: 1
            energy: -93.4765 [kJ/mol]
            volume: 467.513 [A^3]
            mass: 596.840 [amu]
            inertia: 5649.90 5470.16 3504.07 [amu*Angstrom^2]
            frequencies: 12.4276 ... 2923.33 [1/cm]

        [c5-9]
            composition: 5 0
            sigma: 1
            energy: -92.7853 [kJ/mol]
            volume: 467.513 [A^3]
            mass: 596.840 [amu]
            inertia: 5965.74 4949.17 3686.44 [amu*Angstrom^2]
            frequencies: 13.0550 ... 2931.16 [1/cm]

        [c6-2]
            composition: 6 0
            sigma: 1
            energy: -125.895 [kJ/mol]
            volume: 561.016 [A^3]
            mass: 716.208 [amu]
            inertia: 7582.40 6695.40 5354.89 [amu*Angstrom^2]
            frequencies: 13.6556 ... 2930.45 [1/cm]

        [c6-8]
            composition: 6 0
            sigma: 1
            energy: -124.280 [kJ/mol]
            volume: 561.016 [A^3]
            mass: 716.208 [amu]
            inertia: 6808.87 6088.61 5861.13 [amu*Angstrom^2]
            frequencies: 17.2464 ... 2948.52 [1/cm]

        [m1] (monomer)
            composition: 0 1
            sigma: 1
            energy: 0.00000 [kJ/mol]
            volume: 57.5909 [A^3]
            mass: 32.0420 [amu]
            inertia: 20.7887 20.0460 3.94888 [amu*Angstrom^2]
            frequencies: 375.139 ... 3558.29 [1/cm]

        [m2-1]
            composition: 0 2
            sigma: 1
            energy: -20.3584 [kJ/mol]
            volume: 115.182 [A^3]
            mass: 64.0840 [amu]
            inertia: 232.549 227.948 27.6395 [amu*Angstrom^2]
            frequencies: 26.6592 ... 3552.21 [1/cm]

        [m3-1]
            composition: 0 3
            sigma: 1
            energy: -60.2926 [kJ/mol]
            volume: 172.773 [A^3]
            mass: 96.1260 [amu]
            inertia: 444.875 267.573 223.198 [amu*Angstrom^2]
            frequencies: 42.3637 ... 3317.36 [1/cm]

        [m4-1]
            composition: 0 4
            sigma: 2
            energy: -107.279 [kJ/mol]
            volume: 230.363 [A^3]
            mass: 128.168 [amu]
            inertia: 694.243 453.238 453.224 [amu*Angstrom^2]
            frequencies: 15.6765 ... 3188.64 [1/cm]

        [m5-1]
            composition: 0 5
            sigma: 1
            energy: -142.242 [kJ/mol]
            volume: 287.954 [A^3]
            mass: 160.210 [amu]
            inertia: 946.962 718.032 620.429 [amu*Angstrom^2]
            frequencies: 17.3901 ... 3219.08 [1/cm]

        [m5-2]
            composition: 0 5
            sigma: 1
            energy: -141.441 [kJ/mol]
            volume: 287.954 [A^3]
            mass: 160.210 [amu]
            inertia: 958.882 721.346 620.295 [amu*Angstrom^2]
            frequencies: 12.7166 ... 3206.93 [1/cm]

        [m6-2]
            composition: 0 6
            sigma: 1
            energy: -177.595 [kJ/mol]
            volume: 345.545 [A^3]
            mass: 192.252 [amu]
            inertia: 1299.35 1082.67 832.608 [amu*Angstrom^2]
            frequencies: 12.8052 ... 3210.62 [1/cm]

        [m6-3]
            composition: 0 6
            sigma: 1
            energy: -173.490 [kJ/mol]
            volume: 345.545 [A^3]
            mass: 192.252 [amu]
            inertia: 1278.66 1005.08 890.339 [amu*Angstrom^2]
            frequencies: 14.1307 ... 3238.31 [1/cm]

        [m6-4]
            composition: 0 6
            sigma: 1
            energy: -177.117 [kJ/mol]
            volume: 345.545 [A^3]
            mass: 192.252 [amu]
            inertia: 1339.33 1080.43 831.274 [amu*Angstrom^2]
            frequencies: 20.2371 ... 3219.83 [1/cm]

        [m6-5]
            composition: 0 6
            sigma: 1
            energy: -176.936 [kJ/mol]
            volume: 345.545 [A^3]
            mass: 192.252 [amu]
            inertia: 1295.08 1060.06 859.850 [amu*Angstrom^2]
            frequencies: 18.3856 ... 3210.33 [1/cm]

        [m6-7]
            composition: 0 6
            sigma: 1
            energy: -174.931 [kJ/mol]
            volume: 345.545 [A^3]
            mass: 192.252 [amu]
            inertia: 1166.11 954.860 918.003 [amu*Angstrom^2]
            frequencies: 19.5232 ... 3218.01 [1/cm]

        [m6-8]
            composition: 0 6
            sigma: 1
            energy: -173.494 [kJ/mol]
            volume: 345.545 [A^3]
            mass: 192.252 [amu]
            inertia: 1299.18 1013.52 888.291 [amu*Angstrom^2]
            frequencies: 11.9096 ... 3236.39 [1/cm]

        [c1m1]
            composition: 1 1
            sigma: 1
            energy: -20.8208 [kJ/mol]
            volume: 151.094 [A^3]
            mass: 151.410 [amu]
            inertia: 554.629 533.014 285.111 [amu*Angstrom^2]
            frequencies: 11.8380 ... 3555.71 [1/cm]

        [c1m2-1]
            composition: 1 2
            sigma: 1
            energy: -52.8367 [kJ/mol]
            volume: 208.684 [A^3]
            mass: 183.452 [amu]
            inertia: 908.988 789.298 444.384 [amu*Angstrom^2]
            frequencies: 24.1711 ... 3513.49 [1/cm]

        [c1m2-7]
            composition: 1 2
            sigma: 1
            energy: -51.0879 [kJ/mol]
            volume: 208.684 [A^3]
            mass: 183.452 [amu]
            inertia: 969.551 819.234 454.705 [amu*Angstrom^2]
            frequencies: 16.5554 ... 3556.34 [1/cm]

        [c1m3-6]
            composition: 1 3
            sigma: 1
            energy: -87.4293 [kJ/mol]
            volume: 266.275 [A^3]
            mass: 215.494 [amu]
            inertia: 1319.07 1273.38 678.056 [amu*Angstrom^2]
            frequencies: 18.8030 ... 3393.73 [1/cm]

        [c1m4-1]
            composition: 1 4
            sigma: 1
            energy: -135.085 [kJ/mol]
            volume: 323.866 [A^3]
            mass: 247.536 [amu]
            inertia: 2008.76 1856.45 814.870 [amu*Angstrom^2]
            frequencies: 10.2576 ... 3249.37 [1/cm]

        [c1m5-1]
            composition: 1 5
            sigma: 1
            energy: -170.160 [kJ/mol]
            volume: 381.457 [A^3]
            mass: 279.578 [amu]
            inertia: 1737.33 1646.51 1474.00 [amu*Angstrom^2]
            frequencies: 13.3231 ... 3256.51 [1/cm]

        [c1m5-6]
            composition: 1 5
            sigma: 1
            energy: -169.861 [kJ/mol]
            volume: 381.457 [A^3]
            mass: 279.578 [amu]
            inertia: 1966.80 1749.05 1438.86 [amu*Angstrom^2]
            frequencies: 18.8036 ... 3259.40 [1/cm]

        [c2m1-1]
            composition: 2 1
            sigma: 1
            energy: -44.4157 [kJ/mol]
            volume: 244.596 [A^3]
            mass: 270.778 [amu]
            inertia: 1918.62 1724.72 699.819 [amu*Angstrom^2]
            frequencies: 18.6924 ... 3551.08 [1/cm]

        [c2m2-1]
            composition: 2 2
            sigma: 1
            energy: -80.4963 [kJ/mol]
            volume: 302.187 [A^3]
            mass: 302.820 [amu]
            inertia: 2336.33 2019.82 1087.33 [amu*Angstrom^2]
            frequencies: 10.6150 ... 3508.51 [1/cm]

        [c2m2-5]
            composition: 2 2
            sigma: 1
            energy: -80.2618 [kJ/mol]
            volume: 302.187 [A^3]
            mass: 302.820 [amu]
            inertia: 2318.85 2011.00 1081.57 [amu*Angstrom^2]
            frequencies: 11.3272 ... 3503.10 [1/cm]

        [c2m3-1]
            composition: 2 3
            sigma: 1
            energy: -117.660 [kJ/mol]
            volume: 359.778 [A^3]
            mass: 334.862 [amu]
            inertia: 2785.04 2599.69 1401.07 [amu*Angstrom^2]
            frequencies: 13.7575 ... 3464.71 [1/cm]

        [c2m4-1]
            composition: 2 4
            sigma: 1
            energy: -164.821 [kJ/mol]
            volume: 417.369 [A^3]
            mass: 366.904 [amu]
            inertia: 3329.18 2912.26 1796.80 [amu*Angstrom^2]
            frequencies: 12.7503 ... 3255.72 [1/cm]

        [c2m4-3]
            composition: 2 4
            sigma: 1
            energy: -162.650 [kJ/mol]
            volume: 417.369 [A^3]
            mass: 366.904 [amu]
            inertia: 3212.38 2782.83 1841.31 [amu*Angstrom^2]
            frequencies: 12.2002 ... 3262.97 [1/cm]

        [c2m4-8]
            composition: 2 4
            sigma: 1
            energy: -164.804 [kJ/mol]
            volume: 417.369 [A^3]
            mass: 366.904 [amu]
            inertia: 3414.06 2763.29 1821.87 [amu*Angstrom^2]
            frequencies: 13.8028 ... 3265.52 [1/cm]

        [c3m1-1]
            composition: 3 1
            sigma: 1
            energy: -70.5697 [kJ/mol]
            volume: 338.099 [A^3]
            mass: 390.146 [amu]
            inertia: 3063.57 2359.39 1851.36 [amu*Angstrom^2]
            frequencies: 9.62050 ... 3533.56 [1/cm]

        [c3m2-3]
            composition: 3 2
            sigma: 1
            energy: -106.324 [kJ/mol]
            volume: 395.690 [A^3]
            mass: 422.188 [amu]
            inertia: 3721.18 2799.67 2516.63 [amu*Angstrom^2]
            frequencies: 13.8211 ... 3529.90 [1/cm]

        [c3m3-8]
            composition: 3 3
            sigma: 1
            energy: -144.924 [kJ/mol]
            volume: 453.281 [A^3]
            mass: 454.230 [amu]
            inertia: 4592.67 3165.23 2858.67 [amu*Angstrom^2]
            frequencies: 11.1738 ... 3492.44 [1/cm]

        [c4m1-6]
            composition: 4 1
            sigma: 1
            energy: -96.6363 [kJ/mol]
            volume: 431.602 [A^3]
            mass: 509.514 [amu]
            inertia: 5035.88 4624.70 2683.82 [amu*Angstrom^2]
            frequencies: 11.3336 ... 3497.89 [1/cm]

        [c4m2-4]
            composition: 4 2
            sigma: 1
            energy: -136.730 [kJ/mol]
            volume: 489.193 [A^3]
            mass: 541.556 [amu]
            inertia: 5646.99 4467.99 3728.80 [amu*Angstrom^2]
            frequencies: 15.1004 ... 3489.57 [1/cm]

        [c4m2-5]
            composition: 4 2
            sigma: 1
            energy: -134.992 [kJ/mol]
            volume: 489.193 [A^3]
            mass: 541.556 [amu]
            inertia: 5459.51 4937.60 3386.49 [amu*Angstrom^2]
            frequencies: 11.4610 ... 3515.31 [1/cm]

        [c5m1-9]
            composition: 5 1
            sigma: 1
            energy: -125.251 [kJ/mol]
            volume: 525.104 [A^3]
            mass: 628.882 [amu]
            inertia: 6686.42 5651.62 4574.35 [amu*Angstrom^2]
            frequencies: 10.5848 ... 3453.11 [1/cm]

    Number of converged iterations: 127/127
    Number of converged iterations (total): 127/127

    Best isobar found for: amf_mix = 1.28919 J*m^3/mol^2, bxv_mix = 1.31400
    Error: 0.208421E-003
    Calculated phase transition: 338.712 K
    Calculated density: 1.41501 g/cm^3

    Elapsed time: 0.12 seconds

[1m    Please always cite:

        * Michael von Domaros, Eva Perlt, Johannes Ingenmey, Gwydyon Marchelli, Barbara Kirchner:
          "Peacemaker 2: Making clusters talk about binary mixtures and neat liquids".
          SoftwareX (2018).

        * Barbara Kirchner, Christian Spickermann, Sebastian B. C. Lehmann, Eva Perlt,
          Johanna Langner, Michael von Domaros, Patricia Reuther, Frank Uhlig, Miriam Kohagen,
          Marc Brüssel:
          "What can clusters tell us about the bulk? PEACEMAKER: Extended quantum cluster equilibrium calculations".
          Comp. Physics Commun. 182 (2011), 1428.

        * Barbara Kirchner:
          "Cooperative versus dispersion effects: What is more important in an associated liquid such as water?".
          J. Chem. Phys. 123 (2005), 204116.

    For binary mixtures, please cite:

        * Marc Brüssel, Eva Perlt, Sebastian B. C. Lehmann, Michael von Domaros, Barbara Kirchner:
          "Binary systems from quantum cluster equilibrium theory".
          J. Chem. Phys. 135 (2011), 194113.

    For anharmonicites, please cite:

        * Michael von Domaros, Eva Perlt:
          "Anharmonic effects in the quantum cluster equilibrium method".
          J. Chem. Phys. 146 (2017), 154502.

    For acid constants, please cite:

        * Eva Perlt, Michael von Domaros, Barbara Kirchner, Ralf Ludwig, Frank Weinhold".
          "Predicting the ionic product of water".
          Sci. Rep. 7 (2017), 10244.
[0m
