
    Peacemaker 2.8 - a Quantum Cluster Equilibrium (QCE) code:               

        Copyright 2004-2006 Barbara Kirchner, University of Bonn
        Copyright 2007-2012 Barbara Kirchner, University of Leipzig          
        Copyright 2013-2018 Barbara Kirchner, University of Bonn             

        This program is free software: you can redistribute it and/or modify 
        it under the terms of the GNU General Public License as published by 
        the Free Software Foundation, either version 3 of the License, or    
        (at your option) any later version.                                  

        This program is distributed in the hope that it will be useful,      
        but WITHOUT ANY WARRANTY; without even the implied warranty of       
        MERCHANTABILITY or FITNESS FOR A PARTICULAR PURPOSE.  See the        
        GNU General Public License for more details.                         

        You should have received a copy of the GNU General Public License    
        along with this program.  If not, see <http://www.gnu.org/licenses/>.

    The Peacemaker team (in alphabetical order):                             

        * Johannes Ingenmey                                                  
        * Gwydyon Marchelli                                                  
        * Eva Perlt                                                          
        * Michael von Domaros                                                

        * Barbara Kirchner                                                   

[1m    Please let us know that you use Peacemaker by sending a short email to   
    qce@thch.uni-bonn.de. This will help us reaching out to you in case of   
    critical bug fixes or new releases.                                      [0m

    Using the following input:

        [system]
            components: 1

        [ensemble]
            pressure: 1.01325 [bar]
            temperature: 273.150 ... 399.150 [K]
            monomer amounts: 1.00000 [mol]

        [qce]
            amf: 1.46061 [J*m^3/mol^2]
            bxv: 1.36005
            maximum number of QCE iterations: 100
            maximum number of Newton-Raphson iterations: 500
            maximum relative deviation: 0.100000E-008
            number of grid iterations: 1
            optimizer: none
            volume damping factor: 0.100000E-001
            free rotator correction threshold frequency: 0.00000

        [reference]
            density (weight = 1.00000): 298.150 1.47925 [K; g/cm^3]
            phase transition (weight = 1.00000): 334.350 [K]

    Using the following clusterset:

        [c1] (monomer)
            composition: 1
            sigma: 3
            energy: 0.00000 [kJ/mol]
            volume: 93.5027 [A^3]
            mass: 119.368 [amu]
            inertia: 298.546 155.332 155.319 [amu*Angstrom^2]
            frequencies: 227.236 ... 2932.59 [1/cm]

        [c2-1]
            composition: 2
            sigma: 1
            energy: -15.5476 [kJ/mol]
            volume: 187.005 [A^3]
            mass: 238.736 [amu]
            inertia: 1207.99 1137.58 526.143 [amu*Angstrom^2]
            frequencies: 13.4844 ... 2932.09 [1/cm]

        [c3-4]
            composition: 3
            sigma: 1
            energy: -38.5287 [kJ/mol]
            volume: 280.508 [A^3]
            mass: 358.104 [amu]
            inertia: 2403.44 1779.26 1483.09 [amu*Angstrom^2]
            frequencies: 15.2055 ... 2931.77 [1/cm]

        [c3-5]
            composition: 3
            sigma: 1
            energy: -38.3550 [kJ/mol]
            volume: 280.508 [A^3]
            mass: 358.104 [amu]
            inertia: 2493.22 1925.72 1416.25 [amu*Angstrom^2]
            frequencies: 17.2190 ... 2931.99 [1/cm]

        [c3-7]
            composition: 3
            sigma: 1
            energy: -38.2832 [kJ/mol]
            volume: 280.508 [A^3]
            mass: 358.104 [amu]
            inertia: 2516.18 2002.37 1395.84 [amu*Angstrom^2]
            frequencies: 13.3429 ... 2932.36 [1/cm]

        [c3-9]
            composition: 3
            sigma: 1
            energy: -38.1006 [kJ/mol]
            volume: 280.508 [A^3]
            mass: 358.104 [amu]
            inertia: 2485.63 1747.96 1621.71 [amu*Angstrom^2]
            frequencies: 10.7096 ... 2932.21 [1/cm]

        [c4-1]
            composition: 4
            sigma: 2
            energy: -65.3886 [kJ/mol]
            volume: 374.011 [A^3]
            mass: 477.472 [amu]
            inertia: 4651.54 3560.11 2238.15 [amu*Angstrom^2]
            frequencies: 10.8574 ... 2930.77 [1/cm]

        [c4-3]
            composition: 4
            sigma: 1
            energy: -63.4206 [kJ/mol]
            volume: 374.011 [A^3]
            mass: 477.472 [amu]
            inertia: 3918.26 3416.50 2636.19 [amu*Angstrom^2]
            frequencies: 11.3072 ... 2929.15 [1/cm]

        [c4-5]
            composition: 4
            sigma: 1
            energy: -59.9966 [kJ/mol]
            volume: 374.011 [A^3]
            mass: 477.472 [amu]
            inertia: 3804.78 3423.03 2544.48 [amu*Angstrom^2]
            frequencies: 17.2713 ... 2947.38 [1/cm]

        [c4-6]
            composition: 4
            sigma: 1
            energy: -63.5839 [kJ/mol]
            volume: 374.011 [A^3]
            mass: 477.472 [amu]
            inertia: 3886.81 3406.78 2678.89 [amu*Angstrom^2]
            frequencies: 13.1879 ... 2932.03 [1/cm]

        [c4-7]
            composition: 4
            sigma: 1
            energy: -62.7917 [kJ/mol]
            volume: 374.011 [A^3]
            mass: 477.472 [amu]
            inertia: 4653.58 3980.68 2241.76 [amu*Angstrom^2]
            frequencies: 12.7167 ... 2932.12 [1/cm]

        [c4-8]
            composition: 4
            sigma: 1
            energy: -63.3420 [kJ/mol]
            volume: 374.011 [A^3]
            mass: 477.472 [amu]
            inertia: 4989.15 3715.47 2237.16 [amu*Angstrom^2]
            frequencies: 11.5492 ... 2931.59 [1/cm]

        [c4-9]
            composition: 4
            sigma: 1
            energy: -63.5495 [kJ/mol]
            volume: 374.011 [A^3]
            mass: 477.472 [amu]
            inertia: 4696.71 3879.78 2151.69 [amu*Angstrom^2]
            frequencies: 11.7028 ... 2931.60 [1/cm]

        [c5-1]
            composition: 5
            sigma: 3
            energy: -99.7201 [kJ/mol]
            volume: 467.513 [A^3]
            mass: 596.840 [amu]
            inertia: 5161.73 5161.26 3507.53 [amu*Angstrom^2]
            frequencies: 22.1950 ... 2931.81 [1/cm]

        [c5-4]
            composition: 5
            sigma: 1
            energy: -93.4567 [kJ/mol]
            volume: 467.513 [A^3]
            mass: 596.840 [amu]
            inertia: 5706.78 5583.65 3348.21 [amu*Angstrom^2]
            frequencies: 10.5403 ... 2933.50 [1/cm]

        [c5-6]
            composition: 5
            sigma: 1
            energy: -93.4765 [kJ/mol]
            volume: 467.513 [A^3]
            mass: 596.840 [amu]
            inertia: 5649.90 5470.16 3504.07 [amu*Angstrom^2]
            frequencies: 12.4276 ... 2923.33 [1/cm]

        [c5-9]
            composition: 5
            sigma: 1
            energy: -92.7853 [kJ/mol]
            volume: 467.513 [A^3]
            mass: 596.840 [amu]
            inertia: 5965.74 4949.17 3686.44 [amu*Angstrom^2]
            frequencies: 13.0550 ... 2931.16 [1/cm]

        [c6-2]
            composition: 6
            sigma: 1
            energy: -125.895 [kJ/mol]
            volume: 561.016 [A^3]
            mass: 716.208 [amu]
            inertia: 7582.40 6695.40 5354.89 [amu*Angstrom^2]
            frequencies: 13.6556 ... 2930.45 [1/cm]

        [c6-8]
            composition: 6
            sigma: 1
            energy: -124.280 [kJ/mol]
            volume: 561.016 [A^3]
            mass: 716.208 [amu]
            inertia: 6808.87 6088.61 5861.13 [amu*Angstrom^2]
            frequencies: 17.2464 ... 2948.52 [1/cm]

    Number of converged iterations: 127/127
    Number of converged iterations (total): 127/127

    Best isobar found for: amf = 1.46061 J*m^3/mol^2, bxv = 1.36005
    Error: 0.942173E-007
    Calculated phase transition: 334.350 K
    Calculated density: 1.47880 g/cm^3

    Elapsed time: 0.41E-01 seconds

[1m    Please always cite:

        * Michael von Domaros, Eva Perlt, Johannes Ingenmey, Gwydyon Marchelli, Barbara Kirchner:
          "Peacemaker 2: Making clusters talk about binary mixtures and neat liquids".
          SoftwareX (2018).

        * Barbara Kirchner, Christian Spickermann, Sebastian B. C. Lehmann, Eva Perlt,
          Johanna Langner, Michael von Domaros, Patricia Reuther, Frank Uhlig, Miriam Kohagen,
          Marc Brüssel:
          "What can clusters tell us about the bulk? PEACEMAKER: Extended quantum cluster equilibrium calculations".
          Comp. Physics Commun. 182 (2011), 1428.

        * Barbara Kirchner:
          "Cooperative versus dispersion effects: What is more important in an associated liquid such as water?".
          J. Chem. Phys. 123 (2005), 204116.

    For binary mixtures, please cite:

        * Marc Brüssel, Eva Perlt, Sebastian B. C. Lehmann, Michael von Domaros, Barbara Kirchner:
          "Binary systems from quantum cluster equilibrium theory".
          J. Chem. Phys. 135 (2011), 194113.

    For anharmonicites, please cite:

        * Michael von Domaros, Eva Perlt:
          "Anharmonic effects in the quantum cluster equilibrium method".
          J. Chem. Phys. 146 (2017), 154502.

    For acid constants, please cite:

        * Eva Perlt, Michael von Domaros, Barbara Kirchner, Ralf Ludwig, Frank Weinhold".
          "Predicting the ionic product of water".
          Sci. Rep. 7 (2017), 10244.
[0m
