
    Peacemaker 2.8 - a Quantum Cluster Equilibrium (QCE) code:               

        Copyright 2004-2006 Barbara Kirchner, University of Bonn
        Copyright 2007-2012 Barbara Kirchner, University of Leipzig          
        Copyright 2013-2018 Barbara Kirchner, University of Bonn             

        This program is free software: you can redistribute it and/or modify 
        it under the terms of the GNU General Public License as published by 
        the Free Software Foundation, either version 3 of the License, or    
        (at your option) any later version.                                  

        This program is distributed in the hope that it will be useful,      
        but WITHOUT ANY WARRANTY; without even the implied warranty of       
        MERCHANTABILITY or FITNESS FOR A PARTICULAR PURPOSE.  See the        
        GNU General Public License for more details.                         

        You should have received a copy of the GNU General Public License    
        along with this program.  If not, see <http://www.gnu.org/licenses/>.

    The Peacemaker team (in alphabetical order):                             

        * Johannes Ingenmey                                                  
        * Gwydyon Marchelli                                                  
        * Eva Perlt                                                          
        * Michael von Domaros                                                

        * Barbara Kirchner                                                   

[1m    Please let us know that you use Peacemaker by sending a short email to   
    qce@thch.uni-bonn.de. This will help us reaching out to you in case of   
    critical bug fixes or new releases.                                      [0m

    Using the following input:

        [system]
            components: 1

        [ensemble]
            pressure: 1.01325 [bar]
            temperature: 273.150 ... 399.150 [K]
            monomer amounts: 1.00000 [mol]

        [qce]
            amf: 0.00000 [J*m^3/mol^2]
            bxv: 1.00000
            maximum number of QCE iterations: 100
            maximum number of Newton-Raphson iterations: 500
            maximum relative deviation: 0.100000E-008
            number of grid iterations: 1
            optimizer: none
            volume damping factor: 0.100000E-001
            free rotator correction threshold frequency: 0.00000

    Using the following clusterset:

        [m1] (monomer)
            composition: 1
            sigma: 1
            energy: 0.00000 [kJ/mol]
            volume: 57.5909 [A^3]
            mass: 32.0420 [amu]
            inertia: 20.7887 20.0460 3.94888 [amu*Angstrom^2]
            frequencies: 375.139 ... 3558.29 [1/cm]

        [m2-1]
            composition: 2
            sigma: 1
            energy: -20.3584 [kJ/mol]
            volume: 115.182 [A^3]
            mass: 64.0840 [amu]
            inertia: 232.549 227.948 27.6395 [amu*Angstrom^2]
            frequencies: 26.6592 ... 3552.21 [1/cm]

        [m3-1]
            composition: 3
            sigma: 1
            energy: -60.2926 [kJ/mol]
            volume: 172.773 [A^3]
            mass: 96.1260 [amu]
            inertia: 444.875 267.573 223.198 [amu*Angstrom^2]
            frequencies: 42.3637 ... 3317.36 [1/cm]

    Number of converged iterations: 127/127

    Elapsed time: 0.12E-01 seconds

[1m    Please always cite:

        * Michael von Domaros, Eva Perlt, Johannes Ingenmey, Gwydyon Marchelli, Barbara Kirchner:
          "Peacemaker 2: Making clusters talk about binary mixtures and neat liquids".
          SoftwareX (2018).

        * Barbara Kirchner, Christian Spickermann, Sebastian B. C. Lehmann, Eva Perlt,
          Johanna Langner, Michael von Domaros, Patricia Reuther, Frank Uhlig, Miriam Kohagen,
          Marc Brüssel:
          "What can clusters tell us about the bulk? PEACEMAKER: Extended quantum cluster equilibrium calculations".
          Comp. Physics Commun. 182 (2011), 1428.

        * Barbara Kirchner:
          "Cooperative versus dispersion effects: What is more important in an associated liquid such as water?".
          J. Chem. Phys. 123 (2005), 204116.

    For binary mixtures, please cite:

        * Marc Brüssel, Eva Perlt, Sebastian B. C. Lehmann, Michael von Domaros, Barbara Kirchner:
          "Binary systems from quantum cluster equilibrium theory".
          J. Chem. Phys. 135 (2011), 194113.

    For anharmonicites, please cite:

        * Michael von Domaros, Eva Perlt:
          "Anharmonic effects in the quantum cluster equilibrium method".
          J. Chem. Phys. 146 (2017), 154502.

    For acid constants, please cite:

        * Eva Perlt, Michael von Domaros, Barbara Kirchner, Ralf Ludwig, Frank Weinhold".
          "Predicting the ionic product of water".
          Sci. Rep. 7 (2017), 10244.
[0m
